2025-12-20 13:49:26,816 [INFO] main - Application starting...
2025-12-20 13:49:50,106 [INFO] downloader - Fetching metadata for URL: https://youtube.com/shorts/UXb857YLZ2s?si=OWsGTMqbKhl4CZ_T
2025-12-20 13:49:53,626 [ERROR] downloader - Error fetching metadata: HTTP Error 429: Too Many Requests
2025-12-20 13:50:28,321 [INFO] downloader - Fetching metadata for URL: https://www.youtube.com/live/sejkUeZS3dU?si=y7dDRm-NSajF7X9Z
2025-12-20 13:50:30,110 [ERROR] downloader - Error fetching metadata: HTTP Error 429: Too Many Requests
2025-12-20 13:50:32,168 [INFO] downloader - Fetching metadata for URL: https://www.youtube.com/live/sejkUeZS3dU?si=y7dDRm-NSajF7X9Z
2025-12-20 13:50:34,123 [ERROR] downloader - Error fetching metadata: HTTP Error 429: Too Many Requests
2025-12-20 13:53:56,443 [INFO] main - Application starting...
2025-12-20 13:54:07,289 [INFO] downloader - Fetching metadata for URL: https://www.youtube.com/live/sejkUeZS3dU?si=y7dDRm-NSajF7X9Z
2025-12-20 13:54:10,409 [INFO] downloader - Metadata fetched successfully.
2025-12-20 13:56:39,230 [INFO] downloader - Download completed.
2025-12-20 13:56:45,227 [INFO] downloader - Fetching metadata for URL: https://www.youtube.com/watch?v=sejkUeZS3dU
2025-12-20 13:56:48,275 [INFO] downloader - Metadata fetched successfully.
2025-12-20 14:00:24,573 [INFO] main - Application starting...
2025-12-20 14:00:30,489 [INFO] downloader - Fetching metadata for URL: https://www.youtube.com/watch?v=sejkUeZS3dU
2025-12-20 14:00:33,647 [INFO] downloader - Metadata fetched successfully.
2025-12-20 14:01:06,224 [INFO] downloader - Fetching metadata for URL: https://youtu.be/agFfEiYqo2s?si=7eIAVIk_bXTB3ev_
2025-12-20 14:01:09,227 [INFO] downloader - Metadata fetched successfully.
2025-12-20 14:01:17,161 [INFO] downloader - Starting download: Avoid These 10 Outdated YouTube Growth Tips for 2026 (2160p)
2025-12-20 14:01:17,161 [INFO] downloader - Downloading Video Track...
2025-12-20 14:04:27,187 [INFO] downloader - Downloading Audio Track...
2025-12-20 14:04:35,857 [INFO] downloader - Merging Video and Audio...
2025-12-20 14:05:03,195 [INFO] downloader - Merge successful.
2025-12-20 14:05:55,788 [INFO] main - Application starting...
2025-12-20 14:06:12,436 [INFO] downloader - Fetching metadata for URL: https://youtube.com/shorts/9valfz1zTL8?si=l0hU4qp_4dY8Jbyn
2025-12-20 14:06:18,079 [INFO] downloader - Metadata fetched successfully.
2025-12-20 14:06:27,141 [INFO] downloader - Downloading Video Track...
2025-12-20 14:06:32,938 [INFO] downloader - Downloading Audio Track...
2025-12-20 14:06:38,086 [INFO] downloader - Merging Video and Audio...
2025-12-20 14:06:40,281 [INFO] downloader - Merge successful.
2025-12-20 16:12:28,028 [INFO] main - Application starting...
2025-12-20 16:12:40,152 [INFO] downloader - Fetching metadata for URL: https://youtube.com/shorts/Q99gi4G0amI?si=fEZ_t609dlJSpvWL
2025-12-20 16:12:41,317 [INFO] downloader - Metadata fetched successfully.
2025-12-20 16:12:54,724 [INFO] downloader - Downloading Video Track...
2025-12-20 16:12:56,896 [INFO] downloader - Downloading Audio Track...
2025-12-20 16:12:57,996 [INFO] downloader - Merging Video and Audio...
2025-12-20 16:12:58,085 [ERROR] downloader - Download failed: Failed to merge video and audio (FFmpeg error).
2025-12-20 16:13:01,626 [INFO] downloader - Fetching metadata for URL: https://youtube.com/shorts/Q99gi4G0amI?si=fEZ_t609dlJSpvWL
2025-12-20 16:13:02,584 [INFO] downloader - Metadata fetched successfully.
2025-12-20 16:13:06,887 [INFO] downloader - Downloading Video Track...
2025-12-20 16:13:06,887 [INFO] downloader - Downloading Audio Track...
2025-12-20 16:13:06,888 [INFO] downloader - Merging Video and Audio...
2025-12-20 16:13:06,930 [ERROR] downloader - Download failed: Failed to merge video and audio (FFmpeg error).
2025-12-20 16:13:08,268 [INFO] downloader - Downloading Video Track...
2025-12-20 16:13:08,269 [INFO] downloader - Downloading Audio Track...
2025-12-20 16:13:08,269 [INFO] downloader - Merging Video and Audio...
2025-12-20 16:13:08,317 [ERROR] downloader - Download failed: Failed to merge video and audio (FFmpeg error).
2025-12-20 16:13:09,858 [INFO] downloader - Downloading Video Track...
2025-12-20 16:13:09,858 [INFO] downloader - Downloading Audio Track...
2025-12-20 16:13:09,859 [INFO] downloader - Merging Video and Audio...
2025-12-20 16:13:09,906 [ERROR] downloader - Download failed: Failed to merge video and audio (FFmpeg error).
2025-12-20 16:13:15,230 [INFO] main - Application starting...
2025-12-20 16:13:31,161 [INFO] downloader - Fetching metadata for URL: https://youtube.com/shorts/Q99gi4G0amI?si=SzixRXntN64f3Pvz
2025-12-20 16:13:32,135 [INFO] downloader - Metadata fetched successfully.
2025-12-20 16:13:34,364 [INFO] downloader - Downloading Video Track...
2025-12-20 16:13:35,198 [INFO] downloader - Downloading Audio Track...
2025-12-20 16:13:35,674 [INFO] downloader - Merging Video and Audio...
2025-12-20 16:13:35,742 [ERROR] downloader - Download failed: Failed to merge video and audio (FFmpeg error).
2025-12-20 16:13:41,944 [INFO] downloader - Downloading Video Track...
2025-12-20 16:13:41,945 [INFO] downloader - Downloading Audio Track...
2025-12-20 16:13:41,946 [INFO] downloader - Merging Video and Audio...
2025-12-20 16:13:41,990 [ERROR] downloader - Download failed: Failed to merge video and audio (FFmpeg error).
2025-12-20 16:13:44,764 [INFO] downloader - Download completed.
2025-12-20 16:14:03,307 [INFO] downloader - Fetching metadata for URL: https://youtube.com/shorts/Q99gi4G0amI?si=SzixRXntN64f3Pvz
2025-12-20 16:14:04,433 [INFO] downloader - Metadata fetched successfully.
2025-12-20 16:14:12,518 [INFO] downloader - Downloading Video Track...
2025-12-20 16:14:13,421 [INFO] downloader - Downloading Audio Track...
2025-12-20 16:14:13,422 [INFO] downloader - Merging Video and Audio...
2025-12-20 16:14:13,480 [ERROR] downloader - Download failed: Failed to merge video and audio (FFmpeg error).
2025-12-20 16:14:16,710 [INFO] downloader - Downloading Video Track...
2025-12-20 16:14:17,337 [INFO] downloader - Downloading Audio Track...
2025-12-20 16:14:17,338 [INFO] downloader - Merging Video and Audio...
2025-12-20 16:14:17,393 [ERROR] downloader - Download failed: Failed to merge video and audio (FFmpeg error).
2025-12-20 16:14:20,568 [INFO] downloader - Download completed.
2025-12-20 16:15:04,983 [INFO] main - Application starting...
2025-12-20 16:15:07,958 [INFO] downloader - Fetching metadata for URL: https://youtube.com/shorts/Q99gi4G0amI?si=SzixRXntN64f3Pvz
2025-12-20 16:15:09,017 [INFO] downloader - Metadata fetched successfully.
2025-12-20 17:56:40,779 [INFO] main - Application starting...
2025-12-20 17:56:45,694 [INFO] downloader - Fetching metadata for URL: https://youtube.com/shorts/1wZT766ejY8
2025-12-20 17:56:47,008 [INFO] downloader - Metadata fetched successfully.
2025-12-20 17:56:51,899 [INFO] downloader - Starting download: #lipsync #wildlife #animals #facts #insects #bee #jumpstyle (720p)
2025-12-20 17:56:51,899 [INFO] downloader - Downloading Video Track...
2025-12-20 17:56:56,033 [INFO] downloader - Downloading Audio Track...
2025-12-20 17:56:57,138 [INFO] downloader - Merging Video and Audio...
2025-12-20 17:56:58,119 [INFO] downloader - Merge successful.
