2026-01-31 14:01:56,348 [INFO] main - Application starting...
2026-01-31 14:02:00,206 [INFO] downloader - Fetching metadata for URL: https://youtube.com/shorts/pzmJm2V0DM4?si=6feb2JiyDd-MmMqd
2026-01-31 14:02:00,915 [INFO] downloader - Metadata fetched successfully.
2026-01-31 14:02:04,554 [INFO] downloader - Downloading Video Track...
2026-01-31 14:02:11,105 [INFO] downloader - Downloading Audio Track...
2026-01-31 14:02:11,852 [INFO] downloader - Merging Video and Audio...
2026-01-31 14:02:13,917 [INFO] downloader - Merge successful.
2026-01-31 15:16:30,823 [INFO] main - Application starting...
2026-01-31 15:17:12,141 [INFO] downloader - Fetching metadata for URL: https://x.com/windsurf/status/2017334552075890903?s=20
2026-01-31 15:17:15,212 [INFO] downloader - Metadata fetched successfully.
2026-01-31 15:17:18,545 [INFO] downloader - Starting download: http-10368 (Audio: False)
2026-01-31 15:17:23,163 [INFO] downloader - Download completed.
2026-01-31 16:53:03,690 [INFO] main - Application starting...
2026-01-31 16:53:15,586 [INFO] downloader - Fetching metadata for URL: https://youtube.com/shorts/tRZC0upT5Ik?si=fzknLRUcAe87D4T3
2026-01-31 16:53:18,709 [INFO] downloader - Metadata fetched successfully.
2026-01-31 16:53:31,299 [INFO] downloader - Starting download: 312 (Audio: False)
2026-01-31 16:53:34,304 [INFO] downloader - Download completed.
2026-01-31 17:28:51,367 [INFO] main - Application starting...
2026-01-31 17:29:12,620 [INFO] downloader - Fetching metadata for URL: https://youtu.be/JxdDQ9ntgZA?si=BBUjt8bTjBmyLdbE
2026-01-31 17:29:15,867 [INFO] downloader - Metadata fetched successfully.
2026-01-31 17:41:48,178 [INFO] main - Application starting...
2026-01-31 17:42:07,547 [INFO] downloader - Fetching metadata for URL: https://youtu.be/JxdDQ9ntgZA?si=BBUjt8bTjBmyLdbE
2026-01-31 17:42:10,055 [INFO] downloader - Metadata fetched successfully.
2026-01-31 17:42:29,222 [INFO] downloader - Starting download: 312 (Audio: False)
2026-01-31 17:46:12,736 [INFO] downloader - Download completed.
